2020-05-18 11:28:10.655  INFO 3932 --- [main] com.boot.pp25.BootCrudApplication        : Starting BootCrudApplication on DESKTOP-8SGJBKD with PID 3932 (C:\Users\pc\Desktop\JM\PreProject_Spring\PPSpring_3.1.4\Server\target\classes started by pc in C:\Users\pc\Desktop\JM\PreProject_Spring\PPSpring_3.1.4\Server)
2020-05-18 11:28:10.764  INFO 3932 --- [main] com.boot.pp25.BootCrudApplication        : No active profile set, falling back to default profiles: default
2020-05-18 11:28:19.594  INFO 3932 --- [main] .s.d.r.c.RepositoryConfigurationDelegate : Bootstrapping Spring Data JPA repositories in DEFAULT mode.
2020-05-18 11:28:19.684  INFO 3932 --- [main] .s.d.r.c.RepositoryConfigurationDelegate : Finished Spring Data repository scanning in 22ms. Found 0 JPA repository interfaces.
2020-05-18 11:28:21.617  INFO 3932 --- [main] o.s.b.w.embedded.tomcat.TomcatWebServer  : Tomcat initialized with port(s): 8081 (http)
2020-05-18 11:28:21.637  INFO 3932 --- [main] o.apache.catalina.core.StandardService   : Starting service [Tomcat]
2020-05-18 11:28:21.638  INFO 3932 --- [main] org.apache.catalina.core.StandardEngine  : Starting Servlet engine: [Apache Tomcat/9.0.33]
2020-05-18 11:28:21.847  INFO 3932 --- [main] o.a.c.c.C.[Tomcat].[localhost].[/]       : Initializing Spring embedded WebApplicationContext
2020-05-18 11:28:21.847  INFO 3932 --- [main] o.s.web.context.ContextLoader            : Root WebApplicationContext: initialization completed in 9813 ms
2020-05-18 11:28:22.594  INFO 3932 --- [main] o.hibernate.jpa.internal.util.LogHelper  : HHH000204: Processing PersistenceUnitInfo [name: default]
2020-05-18 11:28:23.723  INFO 3932 --- [main] org.hibernate.Version                    : HHH000412: Hibernate ORM core version 5.4.12.Final
2020-05-18 11:28:24.935  INFO 3932 --- [main] o.hibernate.annotations.common.Version   : HCANN000001: Hibernate Commons Annotations {5.1.0.Final}
2020-05-18 11:28:26.109  INFO 3932 --- [main] com.zaxxer.hikari.HikariDataSource       : HikariPool-1 - Starting...
2020-05-18 11:28:30.520  INFO 3932 --- [main] com.zaxxer.hikari.HikariDataSource       : HikariPool-1 - Start completed.
2020-05-18 11:28:30.693  INFO 3932 --- [main] org.hibernate.dialect.Dialect            : HHH000400: Using dialect: org.hibernate.dialect.MySQL5Dialect
2020-05-18 11:28:36.726  INFO 3932 --- [main] o.h.e.t.j.p.i.JtaPlatformInitiator       : HHH000490: Using JtaPlatform implementation: [org.hibernate.engine.transaction.jta.platform.internal.NoJtaPlatform]
2020-05-18 11:28:36.767  INFO 3932 --- [main] j.LocalContainerEntityManagerFactoryBean : Initialized JPA EntityManagerFactory for persistence unit 'default'
2020-05-18 11:28:36.917  WARN 3932 --- [main] JpaBaseConfiguration$JpaWebConfiguration : spring.jpa.open-in-view is enabled by default. Therefore, database queries may be performed during view rendering. Explicitly configure spring.jpa.open-in-view to disable this warning
2020-05-18 11:28:37.748  INFO 3932 --- [main] o.s.s.web.DefaultSecurityFilterChain     : Creating filter chain: any request, [org.springframework.security.web.context.request.async.WebAsyncManagerIntegrationFilter@1f547af8, org.springframework.security.web.context.SecurityContextPersistenceFilter@bdda8a7, org.springframework.security.web.header.HeaderWriterFilter@73e399cc, org.springframework.security.web.authentication.logout.LogoutFilter@5b1f5fcc, org.springframework.security.web.authentication.www.BasicAuthenticationFilter@7381d6f0, org.springframework.security.web.savedrequest.RequestCacheAwareFilter@1c421b0f, org.springframework.security.web.servletapi.SecurityContextHolderAwareRequestFilter@3c98981e, org.springframework.security.web.authentication.AnonymousAuthenticationFilter@4caf875c, org.springframework.security.web.session.SessionManagementFilter@6a38e3d1, org.springframework.security.web.access.ExceptionTranslationFilter@3bda1f0, org.springframework.security.web.access.intercept.FilterSecurityInterceptor@1bcb8599]
2020-05-18 11:28:38.162  INFO 3932 --- [main] o.s.s.concurrent.ThreadPoolTaskExecutor  : Initializing ExecutorService 'applicationTaskExecutor'
2020-05-18 11:28:39.491  WARN 3932 --- [main] ion$DefaultTemplateResolverConfiguration : Cannot find template location: classpath:/templates/ (please add some templates or check your Thymeleaf configuration)
2020-05-18 11:28:40.015  INFO 3932 --- [main] o.s.b.w.embedded.tomcat.TomcatWebServer  : Tomcat started on port(s): 8081 (http) with context path ''
2020-05-18 11:28:40.018  INFO 3932 --- [main] com.boot.pp25.BootCrudApplication        : Started BootCrudApplication in 37.353 seconds (JVM running for 42.91)
2020-05-18 11:29:20.131  INFO 3932 --- [http-nio-8081-exec-1] o.apache.coyote.http11.Http11Processor   : Error parsing HTTP request header
 Note: further occurrences of HTTP request parsing errors will be logged at DEBUG level.

java.lang.IllegalArgumentException: Invalid character found in method name. HTTP method names must be tokens
	at org.apache.coyote.http11.Http11InputBuffer.parseRequestLine(Http11InputBuffer.java:418) ~[tomcat-embed-core-9.0.33.jar:9.0.33]
	at org.apache.coyote.http11.Http11Processor.service(Http11Processor.java:260) ~[tomcat-embed-core-9.0.33.jar:9.0.33]
	at org.apache.coyote.AbstractProcessorLight.process(AbstractProcessorLight.java:65) ~[tomcat-embed-core-9.0.33.jar:9.0.33]
	at org.apache.coyote.AbstractProtocol$ConnectionHandler.process(AbstractProtocol.java:868) ~[tomcat-embed-core-9.0.33.jar:9.0.33]
	at org.apache.tomcat.util.net.NioEndpoint$SocketProcessor.doRun(NioEndpoint.java:1594) ~[tomcat-embed-core-9.0.33.jar:9.0.33]
	at org.apache.tomcat.util.net.SocketProcessorBase.run(SocketProcessorBase.java:49) ~[tomcat-embed-core-9.0.33.jar:9.0.33]
	at java.base/java.util.concurrent.ThreadPoolExecutor.runWorker(ThreadPoolExecutor.java:1130) ~[na:na]
	at java.base/java.util.concurrent.ThreadPoolExecutor$Worker.run(ThreadPoolExecutor.java:630) ~[na:na]
	at org.apache.tomcat.util.threads.TaskThread$WrappingRunnable.run(TaskThread.java:61) ~[tomcat-embed-core-9.0.33.jar:9.0.33]
	at java.base/java.lang.Thread.run(Thread.java:832) ~[na:na]

2020-05-18 11:29:34.902  INFO 3932 --- [http-nio-8081-exec-3] o.a.c.c.C.[Tomcat].[localhost].[/]       : Initializing Spring DispatcherServlet 'dispatcherServlet'
2020-05-18 11:29:34.902  INFO 3932 --- [http-nio-8081-exec-3] o.s.web.servlet.DispatcherServlet        : Initializing Servlet 'dispatcherServlet'
2020-05-18 11:29:34.916  INFO 3932 --- [http-nio-8081-exec-3] o.s.web.servlet.DispatcherServlet        : Completed initialization in 13 ms
2020-05-18 11:34:07.924  INFO 9312 --- [main] com.boot.pp25.BootCrudApplication        : Starting BootCrudApplication on DESKTOP-8SGJBKD with PID 9312 (C:\Users\pc\Desktop\JM\PreProject_Spring\PPSpring_3.1.4\Server\target\classes started by pc in C:\Users\pc\Desktop\JM\PreProject_Spring\PPSpring_3.1.4\Server)
2020-05-18 11:34:07.927  INFO 9312 --- [main] com.boot.pp25.BootCrudApplication        : No active profile set, falling back to default profiles: default
2020-05-18 11:34:09.195  INFO 9312 --- [main] .s.d.r.c.RepositoryConfigurationDelegate : Bootstrapping Spring Data JPA repositories in DEFAULT mode.
2020-05-18 11:34:09.231  INFO 9312 --- [main] .s.d.r.c.RepositoryConfigurationDelegate : Finished Spring Data repository scanning in 26ms. Found 0 JPA repository interfaces.
2020-05-18 11:34:09.912  INFO 9312 --- [main] o.s.b.w.embedded.tomcat.TomcatWebServer  : Tomcat initialized with port(s): 8081 (http)
2020-05-18 11:34:09.921  INFO 9312 --- [main] o.apache.catalina.core.StandardService   : Starting service [Tomcat]
2020-05-18 11:34:09.922  INFO 9312 --- [main] org.apache.catalina.core.StandardEngine  : Starting Servlet engine: [Apache Tomcat/9.0.33]
2020-05-18 11:34:10.082  INFO 9312 --- [main] o.a.c.c.C.[Tomcat].[localhost].[/]       : Initializing Spring embedded WebApplicationContext
2020-05-18 11:34:10.083  INFO 9312 --- [main] o.s.web.context.ContextLoader            : Root WebApplicationContext: initialization completed in 2031 ms
2020-05-18 11:34:10.261  INFO 9312 --- [main] o.hibernate.jpa.internal.util.LogHelper  : HHH000204: Processing PersistenceUnitInfo [name: default]
2020-05-18 11:34:10.327  INFO 9312 --- [main] org.hibernate.Version                    : HHH000412: Hibernate ORM core version 5.4.12.Final
2020-05-18 11:34:10.465  INFO 9312 --- [main] o.hibernate.annotations.common.Version   : HCANN000001: Hibernate Commons Annotations {5.1.0.Final}
2020-05-18 11:34:10.603  INFO 9312 --- [main] com.zaxxer.hikari.HikariDataSource       : HikariPool-1 - Starting...
2020-05-18 11:34:11.047  INFO 9312 --- [main] com.zaxxer.hikari.HikariDataSource       : HikariPool-1 - Start completed.
2020-05-18 11:34:11.060  INFO 9312 --- [main] org.hibernate.dialect.Dialect            : HHH000400: Using dialect: org.hibernate.dialect.MySQL5Dialect
2020-05-18 11:34:12.630  INFO 9312 --- [main] o.h.e.t.j.p.i.JtaPlatformInitiator       : HHH000490: Using JtaPlatform implementation: [org.hibernate.engine.transaction.jta.platform.internal.NoJtaPlatform]
2020-05-18 11:34:12.636  INFO 9312 --- [main] j.LocalContainerEntityManagerFactoryBean : Initialized JPA EntityManagerFactory for persistence unit 'default'
2020-05-18 11:34:12.718  WARN 9312 --- [main] JpaBaseConfiguration$JpaWebConfiguration : spring.jpa.open-in-view is enabled by default. Therefore, database queries may be performed during view rendering. Explicitly configure spring.jpa.open-in-view to disable this warning
2020-05-18 11:34:12.923  INFO 9312 --- [main] o.s.s.web.DefaultSecurityFilterChain     : Creating filter chain: any request, [org.springframework.security.web.context.request.async.WebAsyncManagerIntegrationFilter@4e030feb, org.springframework.security.web.context.SecurityContextPersistenceFilter@38ba8b45, org.springframework.security.web.header.HeaderWriterFilter@5ac0bf84, org.springframework.security.web.authentication.logout.LogoutFilter@1c0cf193, org.springframework.security.web.authentication.www.BasicAuthenticationFilter@2c2e5e72, org.springframework.security.web.savedrequest.RequestCacheAwareFilter@31dbf5bb, org.springframework.security.web.servletapi.SecurityContextHolderAwareRequestFilter@68360fb9, org.springframework.security.web.authentication.AnonymousAuthenticationFilter@2411b935, org.springframework.security.web.session.SessionManagementFilter@3fd9e01c, org.springframework.security.web.access.ExceptionTranslationFilter@2e19b30, org.springframework.security.web.access.intercept.FilterSecurityInterceptor@1c459c28]
2020-05-18 11:34:13.067  INFO 9312 --- [main] o.s.s.concurrent.ThreadPoolTaskExecutor  : Initializing ExecutorService 'applicationTaskExecutor'
2020-05-18 11:34:13.198  WARN 9312 --- [main] ion$DefaultTemplateResolverConfiguration : Cannot find template location: classpath:/templates/ (please add some templates or check your Thymeleaf configuration)
2020-05-18 11:34:13.315  INFO 9312 --- [main] o.s.b.w.embedded.tomcat.TomcatWebServer  : Tomcat started on port(s): 8081 (http) with context path ''
2020-05-18 11:34:13.318  INFO 9312 --- [main] com.boot.pp25.BootCrudApplication        : Started BootCrudApplication in 5.908 seconds (JVM running for 7.023)
2020-05-18 11:34:34.704  INFO 9312 --- [http-nio-8081-exec-1] o.a.c.c.C.[Tomcat].[localhost].[/]       : Initializing Spring DispatcherServlet 'dispatcherServlet'
2020-05-18 11:34:34.704  INFO 9312 --- [http-nio-8081-exec-1] o.s.web.servlet.DispatcherServlet        : Initializing Servlet 'dispatcherServlet'
2020-05-18 11:34:34.711  INFO 9312 --- [http-nio-8081-exec-1] o.s.web.servlet.DispatcherServlet        : Completed initialization in 7 ms
2020-05-18 11:35:00.032  INFO 5756 --- [main] com.boot.pp25.BootCrudApplication        : Starting BootCrudApplication on DESKTOP-8SGJBKD with PID 5756 (C:\Users\pc\Desktop\JM\PreProject_Spring\PPSpring_3.1.4\Server\target\classes started by pc in C:\Users\pc\Desktop\JM\PreProject_Spring\PPSpring_3.1.4\Server)
2020-05-18 11:35:00.035  INFO 5756 --- [main] com.boot.pp25.BootCrudApplication        : No active profile set, falling back to default profiles: default
2020-05-18 11:35:01.150  INFO 5756 --- [main] .s.d.r.c.RepositoryConfigurationDelegate : Bootstrapping Spring Data JPA repositories in DEFAULT mode.
2020-05-18 11:35:01.217  INFO 5756 --- [main] .s.d.r.c.RepositoryConfigurationDelegate : Finished Spring Data repository scanning in 50ms. Found 0 JPA repository interfaces.
2020-05-18 11:35:01.792  INFO 5756 --- [main] o.s.b.w.embedded.tomcat.TomcatWebServer  : Tomcat initialized with port(s): 8081 (http)
2020-05-18 11:35:01.803  INFO 5756 --- [main] o.apache.catalina.core.StandardService   : Starting service [Tomcat]
2020-05-18 11:35:01.804  INFO 5756 --- [main] org.apache.catalina.core.StandardEngine  : Starting Servlet engine: [Apache Tomcat/9.0.33]
2020-05-18 11:35:01.950  INFO 5756 --- [main] o.a.c.c.C.[Tomcat].[localhost].[/]       : Initializing Spring embedded WebApplicationContext
2020-05-18 11:35:01.951  INFO 5756 --- [main] o.s.web.context.ContextLoader            : Root WebApplicationContext: initialization completed in 1854 ms
2020-05-18 11:35:02.104  INFO 5756 --- [main] o.hibernate.jpa.internal.util.LogHelper  : HHH000204: Processing PersistenceUnitInfo [name: default]
2020-05-18 11:35:02.162  INFO 5756 --- [main] org.hibernate.Version                    : HHH000412: Hibernate ORM core version 5.4.12.Final
2020-05-18 11:35:02.255  INFO 5756 --- [main] o.hibernate.annotations.common.Version   : HCANN000001: Hibernate Commons Annotations {5.1.0.Final}
2020-05-18 11:35:02.349  INFO 5756 --- [main] com.zaxxer.hikari.HikariDataSource       : HikariPool-1 - Starting...
2020-05-18 11:35:02.743  INFO 5756 --- [main] com.zaxxer.hikari.HikariDataSource       : HikariPool-1 - Start completed.
2020-05-18 11:35:02.757  INFO 5756 --- [main] org.hibernate.dialect.Dialect            : HHH000400: Using dialect: org.hibernate.dialect.MySQL5Dialect
2020-05-18 11:35:04.276  INFO 5756 --- [main] o.h.e.t.j.p.i.JtaPlatformInitiator       : HHH000490: Using JtaPlatform implementation: [org.hibernate.engine.transaction.jta.platform.internal.NoJtaPlatform]
2020-05-18 11:35:04.284  INFO 5756 --- [main] j.LocalContainerEntityManagerFactoryBean : Initialized JPA EntityManagerFactory for persistence unit 'default'
2020-05-18 11:35:04.365  WARN 5756 --- [main] JpaBaseConfiguration$JpaWebConfiguration : spring.jpa.open-in-view is enabled by default. Therefore, database queries may be performed during view rendering. Explicitly configure spring.jpa.open-in-view to disable this warning
2020-05-18 11:35:04.396  INFO 5756 --- [main] com.boot.pp25.config.SecurityConfig      : configureGlobalSecurity
2020-05-18 11:35:04.804  INFO 5756 --- [main] o.s.s.web.DefaultSecurityFilterChain     : Creating filter chain: any request, [org.springframework.security.web.context.request.async.WebAsyncManagerIntegrationFilter@5f369fc6, org.springframework.security.web.context.SecurityContextPersistenceFilter@538905d2, org.springframework.security.web.header.HeaderWriterFilter@7a8b7e11, org.springframework.security.web.authentication.logout.LogoutFilter@b5ff70b, org.springframework.security.web.authentication.www.BasicAuthenticationFilter@1c0680b0, org.springframework.security.web.savedrequest.RequestCacheAwareFilter@11ce9319, org.springframework.security.web.servletapi.SecurityContextHolderAwareRequestFilter@6a38e3d1, org.springframework.security.web.authentication.AnonymousAuthenticationFilter@3a13f663, org.springframework.security.web.session.SessionManagementFilter@73e399cc, org.springframework.security.web.access.ExceptionTranslationFilter@1859e55c, org.springframework.security.web.access.intercept.FilterSecurityInterceptor@4e79c25]
2020-05-18 11:35:04.934  INFO 5756 --- [main] o.s.s.concurrent.ThreadPoolTaskExecutor  : Initializing ExecutorService 'applicationTaskExecutor'
2020-05-18 11:35:05.070  WARN 5756 --- [main] ion$DefaultTemplateResolverConfiguration : Cannot find template location: classpath:/templates/ (please add some templates or check your Thymeleaf configuration)
2020-05-18 11:35:05.201  INFO 5756 --- [main] o.s.b.w.embedded.tomcat.TomcatWebServer  : Tomcat started on port(s): 8081 (http) with context path ''
2020-05-18 11:35:05.204  INFO 5756 --- [main] com.boot.pp25.BootCrudApplication        : Started BootCrudApplication in 5.698 seconds (JVM running for 6.636)
2020-05-18 11:35:10.135  INFO 5756 --- [http-nio-8081-exec-1] o.a.c.c.C.[Tomcat].[localhost].[/]       : Initializing Spring DispatcherServlet 'dispatcherServlet'
2020-05-18 11:35:10.135  INFO 5756 --- [http-nio-8081-exec-1] o.s.web.servlet.DispatcherServlet        : Initializing Servlet 'dispatcherServlet'
2020-05-18 11:35:10.141  INFO 5756 --- [http-nio-8081-exec-1] o.s.web.servlet.DispatcherServlet        : Completed initialization in 6 ms
2020-05-18 11:39:39.381  INFO 1956 --- [main] com.boot.pp25.BootCrudApplication        : Starting BootCrudApplication on DESKTOP-8SGJBKD with PID 1956 (C:\Users\pc\Desktop\JM\PreProject_Spring\PPSpring_3.1.4\Server\target\classes started by pc in C:\Users\pc\Desktop\JM\PreProject_Spring\PPSpring_3.1.4\Server)
2020-05-18 11:39:39.384  INFO 1956 --- [main] com.boot.pp25.BootCrudApplication        : No active profile set, falling back to default profiles: default
2020-05-18 11:39:40.565  INFO 1956 --- [main] .s.d.r.c.RepositoryConfigurationDelegate : Bootstrapping Spring Data JPA repositories in DEFAULT mode.
2020-05-18 11:39:40.599  INFO 1956 --- [main] .s.d.r.c.RepositoryConfigurationDelegate : Finished Spring Data repository scanning in 24ms. Found 0 JPA repository interfaces.
2020-05-18 11:39:41.192  INFO 1956 --- [main] o.s.b.w.embedded.tomcat.TomcatWebServer  : Tomcat initialized with port(s): 8081 (http)
2020-05-18 11:39:41.200  INFO 1956 --- [main] o.apache.catalina.core.StandardService   : Starting service [Tomcat]
2020-05-18 11:39:41.201  INFO 1956 --- [main] org.apache.catalina.core.StandardEngine  : Starting Servlet engine: [Apache Tomcat/9.0.33]
2020-05-18 11:39:41.338  INFO 1956 --- [main] o.a.c.c.C.[Tomcat].[localhost].[/]       : Initializing Spring embedded WebApplicationContext
2020-05-18 11:39:41.339  INFO 1956 --- [main] o.s.web.context.ContextLoader            : Root WebApplicationContext: initialization completed in 1901 ms
2020-05-18 11:39:41.483  INFO 1956 --- [main] o.hibernate.jpa.internal.util.LogHelper  : HHH000204: Processing PersistenceUnitInfo [name: default]
2020-05-18 11:39:41.544  INFO 1956 --- [main] org.hibernate.Version                    : HHH000412: Hibernate ORM core version 5.4.12.Final
2020-05-18 11:39:41.656  INFO 1956 --- [main] o.hibernate.annotations.common.Version   : HCANN000001: Hibernate Commons Annotations {5.1.0.Final}
2020-05-18 11:39:41.748  INFO 1956 --- [main] com.zaxxer.hikari.HikariDataSource       : HikariPool-1 - Starting...
2020-05-18 11:39:42.091  INFO 1956 --- [main] com.zaxxer.hikari.HikariDataSource       : HikariPool-1 - Start completed.
2020-05-18 11:39:42.103  INFO 1956 --- [main] org.hibernate.dialect.Dialect            : HHH000400: Using dialect: org.hibernate.dialect.MySQL5Dialect
2020-05-18 11:39:43.862  INFO 1956 --- [main] o.h.e.t.j.p.i.JtaPlatformInitiator       : HHH000490: Using JtaPlatform implementation: [org.hibernate.engine.transaction.jta.platform.internal.NoJtaPlatform]
2020-05-18 11:39:43.869  INFO 1956 --- [main] j.LocalContainerEntityManagerFactoryBean : Initialized JPA EntityManagerFactory for persistence unit 'default'
2020-05-18 11:39:43.936  WARN 1956 --- [main] JpaBaseConfiguration$JpaWebConfiguration : spring.jpa.open-in-view is enabled by default. Therefore, database queries may be performed during view rendering. Explicitly configure spring.jpa.open-in-view to disable this warning
2020-05-18 11:39:43.972  INFO 1956 --- [main] com.boot.pp25.config.SecurityConfig      : configureGlobalSecurity
2020-05-18 11:39:44.303  INFO 1956 --- [main] com.boot.pp25.config.SecurityConfig      : configure(HttpSecurity http)
2020-05-18 11:39:44.344  INFO 1956 --- [main] o.s.s.web.DefaultSecurityFilterChain     : Creating filter chain: any request, [org.springframework.security.web.context.request.async.WebAsyncManagerIntegrationFilter@4bdef487, org.springframework.security.web.context.SecurityContextPersistenceFilter@5709e10b, org.springframework.security.web.header.HeaderWriterFilter@7165bde6, org.springframework.security.web.authentication.logout.LogoutFilter@3d7314b3, org.springframework.security.web.authentication.www.BasicAuthenticationFilter@33568e26, org.springframework.security.web.savedrequest.RequestCacheAwareFilter@19e8fe55, org.springframework.security.web.servletapi.SecurityContextHolderAwareRequestFilter@24954e82, org.springframework.security.web.authentication.AnonymousAuthenticationFilter@5ea9373e, org.springframework.security.web.session.SessionManagementFilter@4af84a76, org.springframework.security.web.access.ExceptionTranslationFilter@13d5606c, org.springframework.security.web.access.intercept.FilterSecurityInterceptor@4caf875c]
2020-05-18 11:39:44.464  INFO 1956 --- [main] o.s.s.concurrent.ThreadPoolTaskExecutor  : Initializing ExecutorService 'applicationTaskExecutor'
2020-05-18 11:39:44.587  WARN 1956 --- [main] ion$DefaultTemplateResolverConfiguration : Cannot find template location: classpath:/templates/ (please add some templates or check your Thymeleaf configuration)
2020-05-18 11:39:44.690  INFO 1956 --- [main] o.s.b.w.embedded.tomcat.TomcatWebServer  : Tomcat started on port(s): 8081 (http) with context path ''
2020-05-18 11:39:44.693  INFO 1956 --- [main] com.boot.pp25.BootCrudApplication        : Started BootCrudApplication in 5.749 seconds (JVM running for 6.554)
2020-05-18 11:41:00.212  INFO 1956 --- [http-nio-8081-exec-1] o.a.c.c.C.[Tomcat].[localhost].[/]       : Initializing Spring DispatcherServlet 'dispatcherServlet'
2020-05-18 11:41:00.213  INFO 1956 --- [http-nio-8081-exec-1] o.s.web.servlet.DispatcherServlet        : Initializing Servlet 'dispatcherServlet'
2020-05-18 11:41:00.218  INFO 1956 --- [http-nio-8081-exec-1] o.s.web.servlet.DispatcherServlet        : Completed initialization in 5 ms
2020-05-18 11:41:21.640  INFO 9120 --- [main] com.boot.pp25.BootCrudApplication        : Starting BootCrudApplication on DESKTOP-8SGJBKD with PID 9120 (C:\Users\pc\Desktop\JM\PreProject_Spring\PPSpring_3.1.4\Server\target\classes started by pc in C:\Users\pc\Desktop\JM\PreProject_Spring\PPSpring_3.1.4\Server)
2020-05-18 11:41:21.643  INFO 9120 --- [main] com.boot.pp25.BootCrudApplication        : No active profile set, falling back to default profiles: default
2020-05-18 11:41:22.812  INFO 9120 --- [main] .s.d.r.c.RepositoryConfigurationDelegate : Bootstrapping Spring Data JPA repositories in DEFAULT mode.
2020-05-18 11:41:22.837  INFO 9120 --- [main] .s.d.r.c.RepositoryConfigurationDelegate : Finished Spring Data repository scanning in 18ms. Found 0 JPA repository interfaces.
2020-05-18 11:41:23.378  INFO 9120 --- [main] o.s.b.w.embedded.tomcat.TomcatWebServer  : Tomcat initialized with port(s): 8081 (http)
2020-05-18 11:41:23.386  INFO 9120 --- [main] o.apache.catalina.core.StandardService   : Starting service [Tomcat]
2020-05-18 11:41:23.386  INFO 9120 --- [main] org.apache.catalina.core.StandardEngine  : Starting Servlet engine: [Apache Tomcat/9.0.33]
2020-05-18 11:41:23.517  INFO 9120 --- [main] o.a.c.c.C.[Tomcat].[localhost].[/]       : Initializing Spring embedded WebApplicationContext
2020-05-18 11:41:23.517  INFO 9120 --- [main] o.s.web.context.ContextLoader            : Root WebApplicationContext: initialization completed in 1823 ms
2020-05-18 11:41:23.665  INFO 9120 --- [main] o.hibernate.jpa.internal.util.LogHelper  : HHH000204: Processing PersistenceUnitInfo [name: default]
2020-05-18 11:41:23.721  INFO 9120 --- [main] org.hibernate.Version                    : HHH000412: Hibernate ORM core version 5.4.12.Final
2020-05-18 11:41:23.810  INFO 9120 --- [main] o.hibernate.annotations.common.Version   : HCANN000001: Hibernate Commons Annotations {5.1.0.Final}
2020-05-18 11:41:23.884  INFO 9120 --- [main] com.zaxxer.hikari.HikariDataSource       : HikariPool-1 - Starting...
2020-05-18 11:41:24.225  INFO 9120 --- [main] com.zaxxer.hikari.HikariDataSource       : HikariPool-1 - Start completed.
2020-05-18 11:41:24.239  INFO 9120 --- [main] org.hibernate.dialect.Dialect            : HHH000400: Using dialect: org.hibernate.dialect.MySQL5Dialect
2020-05-18 11:41:25.681  INFO 9120 --- [main] o.h.e.t.j.p.i.JtaPlatformInitiator       : HHH000490: Using JtaPlatform implementation: [org.hibernate.engine.transaction.jta.platform.internal.NoJtaPlatform]
2020-05-18 11:41:25.690  INFO 9120 --- [main] j.LocalContainerEntityManagerFactoryBean : Initialized JPA EntityManagerFactory for persistence unit 'default'
2020-05-18 11:41:25.797  WARN 9120 --- [main] JpaBaseConfiguration$JpaWebConfiguration : spring.jpa.open-in-view is enabled by default. Therefore, database queries may be performed during view rendering. Explicitly configure spring.jpa.open-in-view to disable this warning
2020-05-18 11:41:25.854  INFO 9120 --- [main] com.boot.pp25.config.SecurityConfig      : configureGlobalSecurity
2020-05-18 11:41:26.200  INFO 9120 --- [main] com.boot.pp25.config.SecurityConfig      : configure(HttpSecurity http)
2020-05-18 11:41:26.251  INFO 9120 --- [main] o.s.s.web.DefaultSecurityFilterChain     : Creating filter chain: any request, [org.springframework.security.web.context.request.async.WebAsyncManagerIntegrationFilter@4f563f96, org.springframework.security.web.context.SecurityContextPersistenceFilter@437c1a87, org.springframework.security.web.header.HeaderWriterFilter@780546f8, org.springframework.security.web.authentication.logout.LogoutFilter@72b10258, org.springframework.security.web.authentication.www.BasicAuthenticationFilter@3636f2a7, org.springframework.security.web.savedrequest.RequestCacheAwareFilter@6c8e5ac4, org.springframework.security.web.servletapi.SecurityContextHolderAwareRequestFilter@24b38e8f, org.springframework.security.web.authentication.AnonymousAuthenticationFilter@3eadad14, org.springframework.security.web.session.SessionManagementFilter@559c4e06, org.springframework.security.web.access.ExceptionTranslationFilter@3adde4ea, org.springframework.security.web.access.intercept.FilterSecurityInterceptor@2919aff3]
2020-05-18 11:41:26.381  INFO 9120 --- [main] o.s.s.concurrent.ThreadPoolTaskExecutor  : Initializing ExecutorService 'applicationTaskExecutor'
2020-05-18 11:41:26.514  WARN 9120 --- [main] ion$DefaultTemplateResolverConfiguration : Cannot find template location: classpath:/templates/ (please add some templates or check your Thymeleaf configuration)
2020-05-18 11:41:26.620  INFO 9120 --- [main] o.s.b.w.embedded.tomcat.TomcatWebServer  : Tomcat started on port(s): 8081 (http) with context path ''
2020-05-18 11:41:26.623  INFO 9120 --- [main] com.boot.pp25.BootCrudApplication        : Started BootCrudApplication in 5.471 seconds (JVM running for 6.557)
2020-05-18 11:41:57.128  INFO 9120 --- [http-nio-8081-exec-1] o.a.c.c.C.[Tomcat].[localhost].[/]       : Initializing Spring DispatcherServlet 'dispatcherServlet'
2020-05-18 11:41:57.129  INFO 9120 --- [http-nio-8081-exec-1] o.s.web.servlet.DispatcherServlet        : Initializing Servlet 'dispatcherServlet'
2020-05-18 11:41:57.136  INFO 9120 --- [http-nio-8081-exec-1] o.s.web.servlet.DispatcherServlet        : Completed initialization in 7 ms
